<?xml version="1.0" encoding="UTF-8"?>
<testsuite name="ComplexCalculatorTest" tests="12" skipped="0" failures="0" errors="0" timestamp="2024-11-07T23:39:17" hostname="DESKTOP-1DTP0E5" time="0.067">
  <properties/>
  <testcase name="IntegerModuloOfXModX()" classname="ComplexCalculatorTest" time="0.021"/>
  <testcase name="IntegerModuloOfXModY()" classname="ComplexCalculatorTest" time="0.001"/>
  <testcase name="squareRootOfThree()" classname="ComplexCalculatorTest" time="0.002"/>
  <testcase name="IntegerModuloOfZeroModX()" classname="ComplexCalculatorTest" time="0.002"/>
  <testcase name="squareRootOfBigNumberWithIntegerSquareRoot()" classname="ComplexCalculatorTest" time="0.002"/>
  <testcase name="IntegerModuloOfOneModX()" classname="ComplexCalculatorTest" time="0.004"/>
  <testcase name="squareRootOfFour()" classname="ComplexCalculatorTest" time="0.003"/>
  <testcase name="squareRootOfZero()" classname="ComplexCalculatorTest" time="0.002"/>
  <testcase name="squareRootOfOne()" classname="ComplexCalculatorTest" time="0.001"/>
  <testcase name="squareRootOfANegativeNumber()" classname="ComplexCalculatorTest" time="0.002"/>
  <testcase name="squareRootOfBigNumberWithoutIntegerSquareRoot()" classname="ComplexCalculatorTest" time="0.002"/>
  <testcase name="IntegerModuloOfXModOne()" classname="ComplexCalculatorTest" time="0.001"/>
  <system-out><![CDATA[]]></system-out>
  <system-err><![CDATA[]]></system-err>
</testsuite>
